1
 
 
 
 
 
                                 ******       ******       ******       ******      ** ***  ****
                                ********     ********     ********     ********     *************
                               **      **   **      **   **      **   **      **    **    **    **
                               **           **      **   **                   **    **    **    **
                                *******     **********    *******      *********    **    **    **
                                 *******    *********      *******    **********    **    **    **
                                       **   **                   **   **      **    **    **    **
                               **      **   **      **   **      **   **      **    **    **    **
                                ********     ********     ********     *********    **    **    **
                                 ******       ******       ******       ****** **   **    **    **
 
 
 
                  *********************************************************************************************
                  *********************************************************************************************
                  **                                                                                         **
                  **                                                                                         **
                  **     *******  ******    *****   *     *  *******  *     *   *****   ******   *    *      **
                  **     *        *     *  *     *  **   **  *        *     *  *     *  *     *  *   *       **
                  **     *        *     *  *     *  * * * *  *        *     *  *     *  *     *  *  *        **
                  **     *****    ******   *******  *  *  *  *****    *  *  *  *     *  ******   ***         **
                  **     *        *   *    *     *  *     *  *        *  *  *  *     *  *   *    *  *        **
                  **     *        *    *   *     *  *     *  *        *  *  *  *     *  *    *   *   *       **
                  **     *        *     *  *     *  *     *  *******   ** **    *****   *     *  *    *      **
                  **                                                                                         **
                  **                                                                                         **
                  **                           Postprocessing of Frame Structures                            **
                  **                                                                                         **
                  **                                                                                         **
                  *********************************************************************************************
                  *********************************************************************************************
 
 
                                              Marketing and Support by DNV GL - Digital Solutions
 
 
 
               Program id   : 4.2-00                                           Computer         : 8664
               Release date : 14-NOV-2019                                      Impl. update     :
               Access time  : 23-SEP-2020 11:36:44                             Operating system : Win NT 6.2 [9200]
               User id      : UID1071138                                       CPU id           : 2086422364
                                                                               Installation     : , 02SRV00K3T
 
 
               Copyright DNV GL AS, P.O.Box 300, N-1322 Hovik, Norway
 
 

 DATE: 23-SEP-2020 TIME: 11:36:44   PROGRAM: SESAM    FRAMEWORK 4.2-00  14-NOV-2019                                     PAGE:     1
  
  
                                    CONE Check Results, API-LRFD, 1993
                                    Run:      Superelement:     Loadset:
                                    APIAA     JACKET            LOADS
                                    Priority....: Member and Worst Loadcase
                                    Usage factor: Above   0.00                                                      SUB PAGE:     1
  
  
  
 NOMENCLATURE:
  
 Member      Name of member
 LoadCase    Name of loadcase
 CND         Operational, storm or earthquake condition
 Type        Section type
 Joint/Po    Joint name or position within the member
 Outcome     Outcome message from the code check
 Usfact      Max usage factor of cone and cylinder side
 Yield       Yield strength
 Tensile     Tensile strength
 Dummy       Currently not in use
 fc          Axial stress
 fbm         Localized bending stress
 Phase       Phase angle in degrees
 SctNam      Section name
 Usfcon      Usage factor cone side
 Dia         Cylinder diameter at junction
 t           Cylinder wall thickness
 tc          Cone wall thickness
 fb          Bending stress
 fhm         Hoop stress
 Usfcyl      Usage factor cylinder side
 alpha       Angle (deg.) between cylinder and cone
 ftot        Total stress (fc + fb + fbm)
 Fhc         Critical hoop buckling stress

 DATE: 23-SEP-2020 TIME: 11:36:44   PROGRAM: SESAM    FRAMEWORK 4.2-00  14-NOV-2019                                     PAGE:     2
  
  
                                    CONE Check Results, API-LRFD, 1993
                                    Run:      Superelement:     Loadset:
                                    APIAA     JACKET            LOADS
                                    Priority....: Member and Worst Loadcase
                                    Usage factor: Above   0.00                                                      SUB PAGE:     2
  
 Member   LoadCase CND Type     Joint/Po Outcome  Usfact    Yield    Tensile    Dummy      fc        fbm
           Phase       SctNam                     Usfcon     Dia        t        tc        fb        fhm
                                                  Usfcyl    alpha                         ftot       Fhc
 ------------------------------------------------------------------------------------------------------------------------------
 BM105    AA           PIPE     0.15                0.292  3.25E+05  4.90E+05  0.00E+00 -7.49E+04 -6.55E+04
               0       C1_7355                      0.292  2.80E+00  1.00E-01  7.50E-02 -2.53E+03  2.09E+04
                                                    0.233  6.47E+00                     -1.43E+05  3.25E+05
  
 BM105    AA           PIPE     0.20                0.617  3.35E+05  4.90E+05  0.00E+00 -1.68E+05 -1.30E+05
               0       134                          0.469  2.46E+00  5.00E-02  7.50E-02 -4.61E+03 -6.16E+04
                                                    0.617  6.47E+00                     -3.02E+05  3.35E+05
  
 BM107    AA           PIPE     0.56                0.488  3.35E+05  4.90E+05  0.00E+00 -8.29E+04 -1.45E+05
               0       C1_7420                      0.488  2.50E+00  9.00E-02  6.00E-02 -1.17E+04  3.74E+04
                                                    0.324  9.46E+00                     -2.39E+05  3.35E+05
  
 BM107    AA           PIPE     0.77                0.657  3.35E+05  4.90E+05  0.00E+00 -1.54E+05 -1.45E+05
               0       C2_7420                      0.657  2.00E+00  6.00E-02  6.00E-02 -2.29E+04 -7.67E+04
                                                    0.657  9.46E+00                     -3.22E+05  3.35E+05
  
 BM205    AA           PIPE     0.15                0.320  3.25E+05  4.90E+05  0.00E+00 -8.25E+04 -7.20E+04
               0       C1_8706                      0.320  2.80E+00  1.00E-01  7.50E-02 -2.53E+03  2.30E+04
                                                    0.256  6.47E+00                     -1.57E+05  3.25E+05
  
 BM205    AA           PIPE     0.20                0.678  3.35E+05  4.90E+05  0.00E+00 -1.85E+05 -1.43E+05
               0       134                          0.516  2.46E+00  5.00E-02  7.50E-02 -4.54E+03 -6.77E+04
                                                    0.678  6.47E+00                     -3.32E+05  3.35E+05
  
 BM207    AA           PIPE     0.58                0.569  3.35E+05  4.90E+05  0.00E+00 -9.90E+04 -1.69E+05
               0       C1_8742                      0.569  2.50E+00  9.00E-02  6.00E-02 -1.12E+04  4.36E+04
                                                    0.378  9.46E+00                     -2.79E+05  3.35E+05
  
 BM207    AA           PIPE     0.79                0.763  3.35E+05  4.90E+05  0.00E+00 -1.84E+05 -1.68E+05
               0       C2_8742                      0.763  2.00E+00  6.00E-02  6.00E-02 -2.15E+04 -8.92E+04
                                                    0.763  9.46E+00                     -3.74E+05  3.35E+05
  
 BM219    AA           PIPE     0.25                0.058  3.45E+05  4.90E+05  0.00E+00  5.30E+03  1.39E+04
               0       86                           0.040  1.00E+00  3.00E-02  5.00E-02  9.46E+03 -2.47E+02
                                                    0.058  9.46E+00                      2.87E+04  3.45E+05
  
 BM219    AA           PIPE     0.63                0.021  3.25E+05  4.90E+05  0.00E+00  1.12E+03  1.47E+03
               0       162                          0.020  1.80E+00  8.00E-02  5.00E-02  1.32E+03 -5.34E+03
                                                    0.021  9.46E+00                      3.91E+03  3.25E+05
  
 BM221    AA           PIPE     0.36                0.381  3.45E+05  4.90E+05  0.00E+00  7.53E+04  8.40E+04
               0       86                           0.381  1.00E+00  3.00E-02  3.00E-02  2.75E+04  3.32E+04
                                                    0.381  9.46E+00                      1.87E+05  3.45E+05
  

 DATE: 23-SEP-2020 TIME: 11:36:44   PROGRAM: SESAM    FRAMEWORK 4.2-00  14-NOV-2019                                     PAGE:     3
  
  
                                    CONE Check Results, API-LRFD, 1993
                                    Run:      Superelement:     Loadset:
                                    APIAA     JACKET            LOADS
                                    Priority....: Member and Worst Loadcase
                                    Usage factor: Above   0.00                                                      SUB PAGE:     3
  
 Member   LoadCase CND Type     Joint/Po Outcome  Usfact    Yield    Tensile    Dummy      fc        fbm
           Phase       SctNam                     Usfcon     Dia        t        tc        fb        fhm
                                                  Usfcyl    alpha                         ftot       Fhc
 ------------------------------------------------------------------------------------------------------------------------------
 BM221    AA           PIPE     0.64                0.219  3.45E+05  4.90E+05  0.00E+00  2.83E+04  7.13E+04
               0       C2_8867                      0.219  1.60E+00  5.00E-02  3.00E-02  7.60E+03 -2.61E+04
                                                    0.126  9.46E+00                      1.07E+05  3.45E+05
  
 BM222    AA           PIPE     0.27                0.144  3.45E+05  4.90E+05  0.00E+00  4.21E+03  4.21E+04
               0       76                           0.118  1.10E+00  2.50E-02  3.00E-02  2.43E+04 -6.38E+02
                                                    0.144  1.40E+01                      7.07E+04  3.45E+05
  
 BM222    AA           PIPE     0.56                0.072  3.35E+05  4.90E+05  0.00E+00  9.73E+02  4.55E+03
               0       147                          0.070  2.00E+00  6.00E-02  3.00E-02  3.32E+03 -1.94E+04
                                                    0.072  1.40E+01                      8.85E+03  3.35E+05
  
 BM223    AA           PIPE     0.33                0.383  3.45E+05  4.90E+05  0.00E+00  8.25E+04  8.43E+04
               0       86                           0.383  1.00E+00  3.00E-02  3.00E-02  2.07E+04  2.29E+04
                                                    0.383  9.46E+00                      1.88E+05  3.45E+05
  
 BM223    AA           PIPE     0.61                0.223  3.45E+05  4.90E+05  0.00E+00  3.10E+04  7.26E+04
               0       C2_8873                      0.223  1.60E+00  5.00E-02  3.00E-02  5.54E+03 -3.64E+04
                                                    0.136  9.46E+00                      1.09E+05  3.45E+05
  
 BM229    AA           PIPE     0.67                0.333  3.45E+05  4.90E+05  0.00E+00  5.66E+04  9.63E+04
               0       77                           0.224  1.10E+00  3.00E-02  4.50E-02  1.04E+04  1.49E+04
                                                    0.333  1.40E+01                      1.63E+05  3.45E+05
  
 BM229    AA           PIPE     0.81                0.106  3.35E+05  4.90E+05  0.00E+00  1.00E+04  4.04E+04
               0       C2_8882                      0.106  2.10E+00  9.00E-02  4.50E-02  1.33E+03 -2.58E+04
                                                    0.102  1.40E+01                      5.18E+04  3.35E+05
  
 BM298    AA           PIPE     0.17                0.291  3.45E+05  4.90E+05  0.00E+00  7.33E+04  6.29E+04
               0       SCT80030                     0.235  8.00E-01  3.00E-02  4.00E-02  6.34E+03  2.90E+04
                                                    0.291  9.46E+00                      1.43E+05  3.45E+05
  
 BM298    AA           PIPE     0.47                0.129  3.45E+05  4.90E+05  0.00E+00  2.95E+04  3.20E+04
               0       C2_8975                      0.129  1.20E+00  5.00E-02  4.00E-02  1.65E+03 -1.31E+04
                                                    0.105  9.46E+00                      6.31E+04  3.45E+05
  
 BM305    AA           PIPE     0.15                0.174  3.25E+05  4.90E+05  0.00E+00 -4.40E+04 -3.91E+04
               0       C1_9135                      0.174  2.80E+00  1.00E-01  7.50E-02 -2.21E+03  1.25E+04
                                                    0.139  6.47E+00                     -8.54E+04  3.25E+05
  
 BM305    AA           PIPE     0.20                0.424  3.35E+05  4.90E+05  0.00E+00 -1.09E+05 -9.37E+04
               0       499                          0.302  2.46E+00  4.50E-02  7.50E-02 -4.98E+03 -4.30E+04
                                                    0.424  6.47E+00                     -2.08E+05  3.35E+05
  

 DATE: 23-SEP-2020 TIME: 11:36:44   PROGRAM: SESAM    FRAMEWORK 4.2-00  14-NOV-2019                                     PAGE:     4
  
  
                                    CONE Check Results, API-LRFD, 1993
                                    Run:      Superelement:     Loadset:
                                    APIAA     JACKET            LOADS
                                    Priority....: Member and Worst Loadcase
                                    Usage factor: Above   0.00                                                      SUB PAGE:     4
  
 Member   LoadCase CND Type     Joint/Po Outcome  Usfact    Yield    Tensile    Dummy      fc        fbm
           Phase       SctNam                     Usfcon     Dia        t        tc        fb        fhm
                                                  Usfcyl    alpha                         ftot       Fhc
 ------------------------------------------------------------------------------------------------------------------------------
 BM307    AA           PIPE     0.58                0.246  3.35E+05  4.90E+05  0.00E+00 -4.07E+04 -7.29E+04
               0       C1_9161                      0.246  2.50E+00  9.00E-02  6.00E-02 -6.97E+03  1.88E+04
                                                    0.163  9.46E+00                     -1.21E+05  3.35E+05
  
 BM307    AA           PIPE     0.79                0.332  3.35E+05  4.90E+05  0.00E+00 -7.57E+04 -7.31E+04
               0       C2_9161                      0.332  2.00E+00  6.00E-02  6.00E-02 -1.39E+04 -3.88E+04
                                                    0.332  9.46E+00                     -1.63E+05  3.35E+05
  
 BM359    AA           PIPE     0.79                0.129  3.45E+05  4.90E+05  0.00E+00 -3.98E+04 -2.04E+04
               0       SC3                          0.129  1.10E+00  3.50E-02  3.50E-02 -3.18E+03 -1.30E+04
                                                    0.129  5.71E+00                     -6.34E+04  3.45E+05
  
 BM359    AA           PIPE     0.84                0.088  3.45E+05  4.90E+05  0.00E+00 -1.85E+04 -2.30E+04
               0       C2_9262                      0.088  1.30E+00  6.50E-02  3.50E-02 -1.52E+03  2.64E+03
                                                    0.054  5.71E+00                     -4.30E+04  3.45E+05
  
 BM405    AA           PIPE     0.15                0.175  3.25E+05  4.90E+05  0.00E+00 -4.68E+04 -3.65E+04
               0       C1_9433                      0.175  2.80E+00  9.00E-02  7.50E-02 -2.60E+03  1.41E+04
                                                    0.153  6.47E+00                     -8.59E+04  3.25E+05
  
 BM405    AA           PIPE     0.20                0.356  3.35E+05  4.90E+05  0.00E+00 -9.45E+04 -7.50E+04
               0       134                          0.271  2.46E+00  5.00E-02  7.50E-02 -4.96E+03 -3.56E+04
                                                    0.356  6.47E+00                     -1.75E+05  3.35E+05
  
 BM407    AA           PIPE     0.58                0.224  3.35E+05  4.90E+05  0.00E+00 -3.56E+04 -6.63E+04
               0       C1_9467                      0.224  2.50E+00  9.00E-02  6.00E-02 -7.66E+03  1.71E+04
                                                    0.149  9.46E+00                     -1.10E+05  3.35E+05
  
 BM407    AA           PIPE     0.80                0.303  3.35E+05  4.90E+05  0.00E+00 -6.63E+04 -6.67E+04
               0       C2_9467                      0.303  2.00E+00  6.00E-02  6.00E-02 -1.54E+04 -3.54E+04
                                                    0.303  9.46E+00                     -1.48E+05  3.35E+05
  
 BM666    AA           PIPE     0.84                0.102  3.45E+05  4.90E+05  0.00E+00 -2.02E+04 -1.60E+04
               0       SC3                          0.102  1.10E+00  3.50E-02  3.50E-02 -1.35E+04 -1.07E+04
                                                    0.102  5.71E+00                     -4.98E+04  3.45E+05
  
 BM666    AA           PIPE     0.89                0.080  3.45E+05  4.90E+05  0.00E+00 -1.49E+04 -1.48E+04
               0       C2_10389                     0.080  1.30E+00  4.00E-02  3.50E-02 -9.24E+03  3.94E+03
                                                    0.072  5.71E+00                     -3.90E+04  3.45E+05
  
 BM1011   AA           PIPE     0.26                0.220  3.45E+05  4.90E+05  0.00E+00  2.05E+04  8.23E+04
               0       C1_7208                      0.220  1.85E+00  5.00E-02  3.00E-02  5.11E+03 -5.58E+04
                                                    0.208  1.40E+01                      1.08E+05  3.45E+05
  

 DATE: 23-SEP-2020 TIME: 11:36:44   PROGRAM: SESAM    FRAMEWORK 4.2-00  14-NOV-2019                                     PAGE:     5
  
  
                                    CONE Check Results, API-LRFD, 1993
                                    Run:      Superelement:     Loadset:
                                    APIAA     JACKET            LOADS
                                    Priority....: Member and Worst Loadcase
                                    Usage factor: Above   0.00                                                      SUB PAGE:     5
  
 Member   LoadCase CND Type     Joint/Po Outcome  Usfact    Yield    Tensile    Dummy      fc        fbm
           Phase       SctNam                     Usfcon     Dia        t        tc        fb        fhm
                                                  Usfcyl    alpha                         ftot       Fhc
 ------------------------------------------------------------------------------------------------------------------------------
 BM1011   AA           PIPE     0.41                0.376  3.45E+05  4.90E+05  0.00E+00  6.35E+04  1.01E+05
               0       C2_7208                      0.376  1.00E+00  3.00E-02  3.00E-02  1.92E+04  1.92E+04
                                                    0.376  1.40E+01                      1.84E+05  3.45E+05
  
 BM1012   AA           PIPE     0.16                0.152  3.35E+05  4.90E+05  0.00E+00  2.38E+03  7.24E+03
               0       266                          0.152  1.80E+00  5.00E-02  5.00E-02  4.73E+03 -4.07E+04
                                                    0.152  1.13E+01                      1.44E+04  3.35E+05
  
 BM1012   AA           PIPE     0.23                0.099  3.35E+05  4.90E+05  0.00E+00  3.08E+03 -3.80E+03
               0       C2_7213                      0.099  1.40E+00  5.00E-02  5.00E-02 -7.32E+03 -2.66E+04
                                                    0.099  1.13E+01                     -8.04E+03  3.35E+05
  
 BM1013   AA           PIPE     0.11                0.123  3.35E+05  4.90E+05  0.00E+00 -1.28E+03  5.97E+03
               0       446                          0.123  2.10E+00  6.00E-02  5.00E-02  6.39E+03 -3.28E+04
                                                    0.123  1.37E+01                      1.11E+04  3.35E+05
  
 BM1013   AA           PIPE     0.17                0.147  3.35E+05  4.90E+05  0.00E+00 -2.31E+03 -1.96E+04
               0       C2_7219                      0.147  1.40E+00  5.00E-02  5.00E-02 -1.56E+04 -3.93E+04
                                                    0.147  1.37E+01                     -3.75E+04  3.35E+05
  
 BM1021   AA           PIPE     0.86                0.195  3.45E+05  4.90E+05  0.00E+00 -7.35E+03 -3.32E+04
               0       81                           0.195  1.40E+00  4.00E-02  4.00E-02 -1.91E+04 -5.38E+04
                                                    0.195  1.40E+01                     -5.97E+04  3.45E+05
  
 BM1021   AA           PIPE     0.91                0.128  3.35E+05  4.90E+05  0.00E+00 -3.27E+03  3.43E+03
               0       446                          0.124  2.10E+00  6.00E-02  4.00E-02  6.27E+03 -3.42E+04
                                                    0.128  1.40E+01                      6.43E+03  3.35E+05
  
 BM1032   AA           PIPE     0.16                0.134  3.35E+05  4.90E+05  0.00E+00 -5.18E+03 -1.92E+03
               0       266                          0.130  1.80E+00  5.00E-02  4.00E-02  3.19E+03 -3.58E+04
                                                    0.134  1.13E+01                     -3.90E+03  3.35E+05
  
 BM1032   AA           PIPE     0.23                0.157  3.45E+05  4.90E+05  0.00E+00 -8.33E+03 -1.42E+04
               0       C2_7292                      0.157  1.40E+00  4.00E-02  4.00E-02 -5.85E+03 -4.34E+04
                                                    0.157  1.13E+01                     -2.84E+04  3.45E+05
  
 BM1062   AA           PIPE     0.51                0.188  3.35E+05  4.90E+05  0.00E+00  2.59E+04  2.80E+04
               0       104                          0.183  1.85E+00  5.50E-02  4.00E-02  5.83E+03 -5.04E+04
                                                    0.188  1.09E+01                      5.98E+04  3.35E+05
  
 BM1062   AA           PIPE     0.84                0.445  3.45E+05  4.90E+05  0.00E+00  8.79E+04  1.10E+05
               0       86                           0.347  1.00E+00  3.00E-02  4.00E-02  1.99E+04  2.00E+04
                                                    0.445  1.09E+01                      2.18E+05  3.45E+05
  

 DATE: 23-SEP-2020 TIME: 11:36:44   PROGRAM: SESAM    FRAMEWORK 4.2-00  14-NOV-2019                                     PAGE:     6
  
  
                                    CONE Check Results, API-LRFD, 1993
                                    Run:      Superelement:     Loadset:
                                    APIAA     JACKET            LOADS
                                    Priority....: Member and Worst Loadcase
                                    Usage factor: Above   0.00                                                      SUB PAGE:     6
  
 Member   LoadCase CND Type     Joint/Po Outcome  Usfact    Yield    Tensile    Dummy      fc        fbm
           Phase       SctNam                     Usfcon     Dia        t        tc        fb        fhm
                                                  Usfcyl    alpha                         ftot       Fhc
 ------------------------------------------------------------------------------------------------------------------------------
 BM1069   AA           PIPE     0.25                0.183  3.35E+05  4.90E+05  0.00E+00  2.15E+04  2.56E+04
               0       104                          0.178  1.85E+00  5.50E-02  4.00E-02  7.58E+03 -4.90E+04
                                                    0.183  1.09E+01                      5.47E+04  3.35E+05
  
 BM1069   AA           PIPE     0.43                0.437  3.45E+05  4.90E+05  0.00E+00  7.28E+04  1.08E+05
               0       86                           0.340  1.00E+00  3.00E-02  4.00E-02  3.31E+04  1.90E+04
                                                    0.437  1.09E+01                      2.14E+05  3.45E+05
  
 BM1085   AA           PIPE     0.23                0.252  3.25E+05  4.90E+05  0.00E+00 -6.65E+04 -4.44E+04
               0       C1_7471                      0.252  1.70E+00  8.50E-02  7.00E-02 -1.27E+04  3.31E+02
                                                    0.223  5.99E+00                     -1.24E+05  3.25E+05
  
 BM1085   AA           PIPE     0.28                0.347  3.25E+05  4.90E+05  0.00E+00 -9.86E+04 -5.15E+04
               0       79                           0.333  1.49E+00  6.50E-02  7.00E-02 -2.00E+04 -4.56E+04
                                                    0.347  5.99E+00                     -1.70E+05  3.25E+05
  
 BM1095   AA           PIPE     0.23                0.232  3.25E+05  4.90E+05  0.00E+00 -6.05E+04 -4.08E+04
               0       C1_7508                      0.232  1.70E+00  8.50E-02  7.00E-02 -1.23E+04 -1.04E+03
                                                    0.205  5.99E+00                     -1.14E+05  3.25E+05
  
 BM1095   AA           PIPE     0.28                0.318  3.25E+05  4.90E+05  0.00E+00 -8.96E+04 -4.73E+04
               0       79                           0.305  1.49E+00  6.50E-02  7.00E-02 -1.91E+04 -4.34E+04
                                                    0.318  5.99E+00                     -1.56E+05  3.25E+05
  
 BM1101   AA           PIPE     0.77                0.150  3.35E+05  4.90E+05  0.00E+00 -5.28E+04  0.00E+00
               0       C1_7529                      0.150  1.40E+00  3.50E-02  5.00E-02  1.44E+04 -4.02E+04
                                                    0.145  0.00E+00                     -3.84E+04  3.35E+05
  
 BM1101   AA           PIPE     0.87                0.150  3.35E+05  4.90E+05  0.00E+00 -5.28E+04  0.00E+00
               0       C2_7529                      0.150  1.40E+00  3.50E-02  5.00E-02  1.71E+04 -4.02E+04
                                                    0.145  0.00E+00                     -3.57E+04  3.35E+05
  
 BM1102   AA           PIPE     0.05                0.080  3.25E+05  4.90E+05  0.00E+00 -3.25E+04  0.00E+00
               0       99                           0.080  1.40E+00  7.00E-02  5.00E-02 -6.63E+03 -1.82E+04
                                                    0.080  0.00E+00                     -3.92E+04  3.25E+05
  
 BM1102   AA           PIPE     0.16                0.152  3.35E+05  4.90E+05  0.00E+00 -6.34E+04  0.00E+00
               0       C2_7532                      0.152  1.40E+00  3.50E-02  5.00E-02 -1.10E+04 -3.64E+04
                                                    0.152  0.00E+00                     -7.43E+04  3.35E+05
  
 BM1107   AA           PIPE     0.77                0.150  3.35E+05  4.90E+05  0.00E+00 -4.91E+04  0.00E+00
               0       C1_7549                      0.150  1.40E+00  3.50E-02  5.00E-02  1.83E+04 -4.02E+04
                                                    0.145  0.00E+00                     -3.08E+04  3.35E+05
  

 DATE: 23-SEP-2020 TIME: 11:36:44   PROGRAM: SESAM    FRAMEWORK 4.2-00  14-NOV-2019                                     PAGE:     7
  
  
                                    CONE Check Results, API-LRFD, 1993
                                    Run:      Superelement:     Loadset:
                                    APIAA     JACKET            LOADS
                                    Priority....: Member and Worst Loadcase
                                    Usage factor: Above   0.00                                                      SUB PAGE:     7
  
 Member   LoadCase CND Type     Joint/Po Outcome  Usfact    Yield    Tensile    Dummy      fc        fbm
           Phase       SctNam                     Usfcon     Dia        t        tc        fb        fhm
                                                  Usfcyl    alpha                         ftot       Fhc
 ------------------------------------------------------------------------------------------------------------------------------
 BM1107   AA           PIPE     0.87                0.077  3.25E+05  4.90E+05  0.00E+00 -2.52E+04  0.00E+00
               0       99                           0.076  1.40E+00  7.00E-02  5.00E-02  1.19E+04 -2.01E+04
                                                    0.077  0.00E+00                     -1.33E+04  3.25E+05
  
 BM1108   AA           PIPE     0.05                0.076  3.25E+05  4.90E+05  0.00E+00 -2.93E+04  0.00E+00
               0       99                           0.076  1.40E+00  7.00E-02  5.00E-02 -7.78E+03 -1.82E+04
                                                    0.076  0.00E+00                     -3.71E+04  3.25E+05
  
 BM1108   AA           PIPE     0.16                0.143  3.35E+05  4.90E+05  0.00E+00 -5.72E+04  0.00E+00
               0       C2_7552                      0.143  1.40E+00  3.50E-02  5.00E-02 -1.28E+04 -3.64E+04
                                                    0.143  0.00E+00                     -7.00E+04  3.35E+05
  
 BM1123   AA           PIPE     0.67                0.168  3.45E+05  4.90E+05  0.00E+00 -5.13E+04 -2.65E+04
               0       174                          0.168  1.10E+00  3.50E-02  3.50E-02 -4.37E+03 -1.62E+04
                                                    0.168  5.71E+00                     -8.22E+04  3.45E+05
  
 BM1123   AA           PIPE     0.72                0.114  3.45E+05  4.90E+05  0.00E+00 -2.38E+04 -2.98E+04
               0       C2_7617                      0.114  1.30E+00  6.50E-02  3.50E-02 -2.15E+03  3.84E+03
                                                    0.071  5.71E+00                     -5.58E+04  3.45E+05
  
 BM1125   AA           PIPE     0.67                0.133  3.45E+05  4.90E+05  0.00E+00 -2.52E+04 -2.10E+04
               0       174                          0.133  1.10E+00  3.50E-02  3.50E-02 -1.89E+04 -1.33E+04
                                                    0.133  5.71E+00                     -6.51E+04  3.45E+05
  
 BM1125   AA           PIPE     0.72                0.105  3.45E+05  4.90E+05  0.00E+00 -1.86E+04 -1.96E+04
               0       C2_7627                      0.105  1.30E+00  4.00E-02  3.50E-02 -1.35E+04  5.97E+03
                                                    0.096  5.71E+00                     -5.17E+04  3.45E+05
  
 BM1208   AA           PIPE     0.22                0.198  3.35E+05  4.90E+05  0.00E+00  1.60E+04  2.51E+04
               0       511                          0.193  1.85E+00  5.00E-02  3.00E-02  5.74E+03 -5.31E+04
                                                    0.198  1.40E+01                      4.68E+04  3.35E+05
  
 BM1208   AA           PIPE     0.36                0.336  3.45E+05  4.90E+05  0.00E+00  4.96E+04  9.05E+04
               0       C2_7675                      0.336  1.00E+00  3.00E-02  3.00E-02  2.44E+04  1.35E+04
                                                    0.336  1.40E+01                      1.64E+05  3.45E+05
  
 BM1323   AA           PIPE     0.67                0.084  3.45E+05  4.90E+05  0.00E+00 -2.03E+04 -1.32E+04
               0       174                          0.084  1.10E+00  3.50E-02  3.50E-02 -7.44E+03 -9.19E+03
                                                    0.084  5.71E+00                     -4.10E+04  3.45E+05
  
 BM1323   AA           PIPE     0.72                0.056  3.45E+05  4.90E+05  0.00E+00 -9.44E+03 -1.48E+04
               0       C2_7787                      0.056  1.30E+00  6.50E-02  3.50E-02 -3.43E+03  1.20E+03
                                                    0.035  5.71E+00                     -2.77E+04  3.45E+05
  

 DATE: 23-SEP-2020 TIME: 11:36:44   PROGRAM: SESAM    FRAMEWORK 4.2-00  14-NOV-2019                                     PAGE:     8
  
  
                                    CONE Check Results, API-LRFD, 1993
                                    Run:      Superelement:     Loadset:
                                    APIAA     JACKET            LOADS
                                    Priority....: Member and Worst Loadcase
                                    Usage factor: Above   0.00                                                      SUB PAGE:     8
  
 Member   LoadCase CND Type     Joint/Po Outcome  Usfact    Yield    Tensile    Dummy      fc        fbm
           Phase       SctNam                     Usfcon     Dia        t        tc        fb        fhm
                                                  Usfcyl    alpha                         ftot       Fhc
 ------------------------------------------------------------------------------------------------------------------------------
 BM1325   AA           PIPE     0.68                0.079  3.45E+05  4.90E+05  0.00E+00 -1.76E+04 -1.25E+04
               0       174                          0.079  1.10E+00  3.50E-02  3.50E-02 -8.57E+03 -8.79E+03
                                                    0.079  5.71E+00                     -3.86E+04  3.45E+05
  
 BM1325   AA           PIPE     0.73                0.063  3.45E+05  4.90E+05  0.00E+00 -1.30E+04 -1.17E+04
               0       C2_7797                      0.063  1.30E+00  4.00E-02  3.50E-02 -6.08E+03  2.64E+03
                                                    0.057  5.71E+00                     -3.08E+04  3.45E+05
  
 BM1510   AA           PIPE     0.06                0.170  3.35E+05  4.90E+05  0.00E+00 -1.66E+04 -6.03E+04
               0       C1_7876                      0.170  1.80E+00  9.00E-02  4.50E-02 -6.30E+03 -2.18E+03
                                                    0.078  1.13E+01                     -8.32E+04  3.35E+05
  
 BM1510   AA           PIPE     0.12                0.276  3.45E+05  4.90E+05  0.00E+00 -4.71E+04 -6.87E+04
               0       81                           0.246  1.40E+00  4.00E-02  4.50E-02 -1.93E+04 -5.53E+04
                                                    0.276  1.13E+01                     -1.35E+05  3.45E+05
  
 BM1512   AA           PIPE     0.13                0.112  3.35E+05  4.90E+05  0.00E+00 -1.19E+04 -3.96E+04
               0       C1_7883                      0.112  1.80E+00  9.00E-02  4.50E-02 -3.19E+03 -8.73E+03
                                                    0.051  1.13E+01                     -5.47E+04  3.35E+05
  
 BM1512   AA           PIPE     0.18                0.183  3.35E+05  4.90E+05  0.00E+00 -3.36E+04 -3.57E+04
               0       C2_7883                      0.183  1.40E+00  4.00E-02  4.50E-02 -9.99E+03 -4.91E+04
                                                    0.181  1.13E+01                     -7.93E+04  3.35E+05
  
 BM1526   AA           PIPE     0.64                0.241  3.35E+05  4.90E+05  0.00E+00 -3.83E+04 -2.61E+04
               0       C1_7927                      0.241  1.40E+00  3.00E-02  4.50E-02 -7.07E+03 -6.46E+04
                                                    0.234  1.13E+01                     -7.14E+04  3.35E+05
  
 BM1526   AA           PIPE     0.72                0.089  3.35E+05  4.90E+05  0.00E+00 -1.02E+04 -3.17E+04
               0       C2_7927                      0.089  1.80E+00  9.00E-02  4.50E-02 -1.87E+03 -1.09E+04
                                                    0.049  1.13E+01                     -4.38E+04  3.35E+05
  
 BM1534   AA           PIPE     0.62                0.228  3.45E+05  4.90E+05  0.00E+00 -5.11E+04 -5.69E+04
               0       81                           0.204  1.40E+00  4.00E-02  4.50E-02 -3.89E+03 -5.08E+04
                                                    0.228  1.13E+01                     -1.12E+05  3.45E+05
  
 BM1534   AA           PIPE     0.71                0.145  3.35E+05  4.90E+05  0.00E+00 -1.81E+04 -5.15E+04
               0       C2_7952                      0.145  1.80E+00  9.00E-02  4.50E-02 -1.53E+03 -4.43E+03
                                                    0.066  1.13E+01                     -7.11E+04  3.35E+05
  
 BM1621   AA           PIPE     0.64                0.217  3.35E+05  4.90E+05  0.00E+00 -2.82E+04 -1.99E+04
               0       C1_8117                      0.217  1.40E+00  3.00E-02  4.50E-02 -6.58E+03 -5.80E+04
                                                    0.210  1.13E+01                     -5.47E+04  3.35E+05
  

 DATE: 23-SEP-2020 TIME: 11:36:44   PROGRAM: SESAM    FRAMEWORK 4.2-00  14-NOV-2019                                     PAGE:     9
  
  
                                    CONE Check Results, API-LRFD, 1993
                                    Run:      Superelement:     Loadset:
                                    APIAA     JACKET            LOADS
                                    Priority....: Member and Worst Loadcase
                                    Usage factor: Above   0.00                                                      SUB PAGE:     9
  
 Member   LoadCase CND Type     Joint/Po Outcome  Usfact    Yield    Tensile    Dummy      fc        fbm
           Phase       SctNam                     Usfcon     Dia        t        tc        fb        fhm
                                                  Usfcyl    alpha                         ftot       Fhc
 ------------------------------------------------------------------------------------------------------------------------------
 BM1621   AA           PIPE     0.72                0.067  3.35E+05  4.90E+05  0.00E+00 -7.53E+03 -2.39E+04
               0       C2_8117                      0.067  1.80E+00  9.00E-02  4.50E-02 -1.59E+03 -1.21E+04
                                                    0.053  1.13E+01                     -3.30E+04  3.35E+05
  
 BM1622   AA           PIPE     0.14                0.083  3.35E+05  4.90E+05  0.00E+00 -8.36E+03 -2.94E+04
               0       C1_8120                      0.083  1.80E+00  9.00E-02  4.50E-02 -2.83E+03 -1.03E+04
                                                    0.050  1.13E+01                     -4.06E+04  3.35E+05
  
 BM1622   AA           PIPE     0.18                0.161  3.35E+05  4.90E+05  0.00E+00 -2.36E+04 -2.66E+04
               0       C2_8120                      0.161  1.40E+00  4.00E-02  4.50E-02 -8.85E+03 -4.32E+04
                                                    0.157  1.13E+01                     -5.91E+04  3.35E+05
  
 BM1632   AA           PIPE     0.62                0.164  3.45E+05  4.90E+05  0.00E+00 -3.66E+04 -4.09E+04
               0       81                           0.159  1.40E+00  4.00E-02  4.50E-02 -3.07E+03 -4.26E+04
                                                    0.164  1.13E+01                     -8.05E+04  3.45E+05
  
 BM1632   AA           PIPE     0.71                0.104  3.35E+05  4.90E+05  0.00E+00 -1.29E+04 -3.68E+04
               0       C2_8154                      0.104  1.80E+00  9.00E-02  4.50E-02 -1.14E+03 -6.67E+03
                                                    0.048  1.13E+01                     -5.09E+04  3.35E+05
  
 BM1633   AA           PIPE     0.06                0.125  3.35E+05  4.90E+05  0.00E+00 -1.20E+04 -4.45E+04
               0       C1_8157                      0.125  1.80E+00  9.00E-02  4.50E-02 -4.98E+03 -4.59E+03
                                                    0.057  1.13E+01                     -6.15E+04  3.35E+05
  
 BM1633   AA           PIPE     0.11                0.204  3.45E+05  4.90E+05  0.00E+00 -3.38E+04 -5.08E+04
               0       81                           0.182  1.40E+00  4.00E-02  4.50E-02 -1.53E+04 -4.61E+04
                                                    0.204  1.13E+01                     -1.00E+05  3.45E+05
  
 BM2002   AA           PIPE     0.84                0.295  3.45E+05  4.90E+05  0.00E+00  4.35E+04  8.90E+04
               0       76                           0.184  1.10E+00  2.50E-02  4.00E-02  1.20E+04  4.39E+03
                                                    0.295  1.40E+01                      1.44E+05  3.45E+05
  
 BM2002   AA           PIPE     0.91                0.104  3.25E+05  4.90E+05  0.00E+00  7.23E+03  8.16E+03
               0       510                          0.098  2.10E+00  8.00E-02  4.00E-02  1.43E+03 -2.71E+04
                                                    0.104  1.40E+01                      1.68E+04  3.25E+05
  
 BM2011   AA           PIPE     0.84                0.341  3.45E+05  4.90E+05  0.00E+00  5.24E+04  1.03E+05
               0       76                           0.213  1.10E+00  2.50E-02  4.00E-02  1.18E+04  1.09E+04
                                                    0.341  1.40E+01                      1.67E+05  3.45E+05
  
 BM2011   AA           PIPE     0.90                0.107  3.25E+05  4.90E+05  0.00E+00  8.72E+03  9.55E+03
               0       510                          0.101  2.10E+00  8.00E-02  4.00E-02  1.43E+03 -2.79E+04
                                                    0.107  1.40E+01                      1.97E+04  3.25E+05
  

 DATE: 23-SEP-2020 TIME: 11:36:44   PROGRAM: SESAM    FRAMEWORK 4.2-00  14-NOV-2019                                     PAGE:    10
  
  
                                    CONE Check Results, API-LRFD, 1993
                                    Run:      Superelement:     Loadset:
                                    APIAA     JACKET            LOADS
                                    Priority....: Member and Worst Loadcase
                                    Usage factor: Above   0.00                                                      SUB PAGE:    10
  
 Member   LoadCase CND Type     Joint/Po Outcome  Usfact    Yield    Tensile    Dummy      fc        fbm
           Phase       SctNam                     Usfcon     Dia        t        tc        fb        fhm
                                                  Usfcyl    alpha                         ftot       Fhc
 ------------------------------------------------------------------------------------------------------------------------------
 BM2012   AA           PIPE     0.78                0.065  3.25E+05  4.90E+05  0.00E+00  1.81E+04  9.18E+03
               0       269                          0.065  1.50E+00  6.50E-02  6.50E-02  4.42E+03 -1.41E+04
                                                    0.065  5.71E+00                      3.17E+04  3.25E+05
  
 BM2012   AA           PIPE     0.84                0.108  3.25E+05  4.90E+05  0.00E+00  1.72E+04  7.99E+03
               0       C2_8595                      0.108  1.70E+00  6.00E-02  6.50E-02  3.19E+03 -2.81E+04
                                                    0.105  5.71E+00                      2.83E+04  3.25E+05
  
 BM2013   AA           PIPE     0.72                0.078  3.25E+05  4.90E+05  0.00E+00  1.47E+04  1.92E+04
               0       269                          0.078  1.50E+00  6.50E-02  6.50E-02  4.12E+03 -9.22E+03
                                                    0.078  1.40E+01                      3.81E+04  3.25E+05
  
 BM2013   AA           PIPE     0.80                0.147  3.25E+05  4.90E+05  0.00E+00  1.12E+04  1.44E+04
               0       C2_8599                      0.147  2.10E+00  6.00E-02  6.50E-02  2.00E+03 -3.82E+04
                                                    0.143  1.40E+01                      2.76E+04  3.25E+05
  
 BM2016   AA           PIPE     0.89                0.125  3.45E+05  4.90E+05  0.00E+00  1.21E+04  1.21E+03
               0       255                          0.125  1.50E+00  3.50E-02  3.50E-02 -9.90E+03 -3.45E+04
                                                    0.125  5.71E+00                      3.38E+03  3.45E+05
  
 BM2016   AA           PIPE     0.92                0.097  3.35E+05  4.90E+05  0.00E+00  6.29E+03  4.73E+03
               0       257                          0.094  1.70E+00  6.00E-02  3.50E-02  5.47E+03 -2.60E+04
                                                    0.097  5.71E+00                      1.65E+04  3.35E+05
  
 BM2018   AA           PIPE     0.85                0.125  3.45E+05  4.90E+05  0.00E+00  8.08E+03 -2.69E+03
               0       255                          0.125  1.50E+00  3.50E-02  3.50E-02 -1.00E+04 -3.46E+04
                                                    0.125  1.40E+01                     -4.63E+03  3.45E+05
  
 BM2018   AA           PIPE     0.89                0.127  3.35E+05  4.90E+05  0.00E+00  3.39E+03  7.83E+03
               0       446                          0.124  2.10E+00  6.00E-02  3.50E-02  3.63E+03 -3.41E+04
                                                    0.127  1.40E+01                      1.48E+04  3.35E+05
  
 BM2039   AA           PIPE     0.47                0.123  3.35E+05  4.90E+05  0.00E+00  1.17E+04  4.72E+04
               0       C1_8676                      0.123  2.10E+00  9.00E-02  4.50E-02  1.57E+03 -2.68E+04
                                                    0.107  1.40E+01                      6.05E+04  3.35E+05
  
 BM2039   AA           PIPE     0.78                0.385  3.45E+05  4.90E+05  0.00E+00  6.60E+04  1.11E+05
               0       77                           0.259  1.10E+00  3.00E-02  4.50E-02  1.15E+04  2.20E+04
                                                    0.385  1.40E+01                      1.89E+05  3.45E+05
  
 BM3002   AA           PIPE     0.85                0.222  3.45E+05  4.90E+05  0.00E+00  4.95E+04  4.89E+04
               0       86                           0.222  1.00E+00  3.00E-02  3.00E-02  1.05E+04  4.19E+03
                                                    0.222  9.47E+00                      1.09E+05  3.45E+05
  

 DATE: 23-SEP-2020 TIME: 11:36:44   PROGRAM: SESAM    FRAMEWORK 4.2-00  14-NOV-2019                                     PAGE:    11
  
  
                                    CONE Check Results, API-LRFD, 1993
                                    Run:      Superelement:     Loadset:
                                    APIAA     JACKET            LOADS
                                    Priority....: Member and Worst Loadcase
                                    Usage factor: Above   0.00                                                      SUB PAGE:    11
  
 Member   LoadCase CND Type     Joint/Po Outcome  Usfact    Yield    Tensile    Dummy      fc        fbm
           Phase       SctNam                     Usfcon     Dia        t        tc        fb        fhm
                                                  Usfcyl    alpha                         ftot       Fhc
 ------------------------------------------------------------------------------------------------------------------------------
 BM3002   AA           PIPE     0.91                0.131  3.45E+05  4.90E+05  0.00E+00  1.86E+04  4.26E+04
               0       C2_8989                      0.131  1.60E+00  5.00E-02  3.00E-02  2.87E+03 -3.00E+04
                                                    0.112  9.47E+00                      6.41E+04  3.45E+05
  
 BM3012   AA           PIPE     0.10                0.066  3.25E+05  4.90E+05  0.00E+00 -3.42E+03  3.31E+03
               0       449                          0.064  1.90E+00  6.50E-02  5.00E-02  8.54E+03 -1.72E+04
                                                    0.066  8.53E+00                      8.43E+03  3.25E+05
  
 BM3012   AA           PIPE     0.14                0.106  3.35E+05  4.90E+05  0.00E+00 -5.27E+03 -1.41E+04
               0       C2_9026                      0.106  1.60E+00  5.00E-02  5.00E-02 -1.44E+04 -2.83E+04
                                                    0.106  8.53E+00                     -3.38E+04  3.35E+05
  
 BM3014   AA           PIPE     0.84                0.282  3.45E+05  4.90E+05  0.00E+00  5.71E+04  6.69E+04
               0       15                           0.240  1.00E+00  2.50E-02  3.00E-02  1.43E+04  7.71E+03
                                                    0.282  9.46E+00                      1.38E+05  3.45E+05
  
 BM3014   AA           PIPE     0.90                0.130  3.45E+05  4.90E+05  0.00E+00  1.80E+04  4.25E+04
               0       C2_9034                      0.130  1.60E+00  5.00E-02  3.00E-02  3.42E+03 -3.00E+04
                                                    0.112  9.46E+00                      6.38E+04  3.45E+05
  
 BM3038   AA           PIPE     0.42                0.218  3.45E+05  4.90E+05  0.00E+00  3.04E+04  7.10E+04
               0       C1_9101                      0.218  1.60E+00  5.00E-02  3.00E-02  5.31E+03 -3.61E+04
                                                    0.135  9.46E+00                      1.07E+05  3.45E+05
  
 BM3038   AA           PIPE     0.70                0.374  3.45E+05  4.90E+05  0.00E+00  8.10E+04  8.24E+04
               0       C2_9101                      0.374  1.00E+00  3.00E-02  3.00E-02  1.99E+04  2.19E+04
                                                    0.374  9.46E+00                      1.83E+05  3.45E+05
  
 BM3096   AA           PIPE     0.75                0.091  3.25E+05  4.90E+05  0.00E+00  1.66E+04  1.72E+04
               0       258                          0.091  1.60E+00  6.50E-02  6.50E-02  1.06E+04 -6.93E+03
                                                    0.091  8.53E+00                      4.44E+04  3.25E+05
  
 BM3096   AA           PIPE     0.82                0.105  3.25E+05  4.90E+05  0.00E+00  1.39E+04  1.56E+04
               0       C2_9214                      0.105  1.90E+00  6.50E-02  6.50E-02  8.77E+03 -2.73E+04
                                                    0.105  8.53E+00                      3.82E+04  3.25E+05
  
 BM4002   AA           PIPE     0.81                0.105  3.45E+05  4.90E+05  0.00E+00  2.14E+03  3.08E+04
               0       76                           0.086  1.10E+00  2.50E-02  3.00E-02  1.87E+04 -6.39E+03
                                                    0.105  1.40E+01                      5.16E+04  3.45E+05
  
 BM4002   AA           PIPE     0.89                0.069  3.35E+05  4.90E+05  0.00E+00  4.93E+02  3.25E+03
               0       147                          0.067  2.00E+00  6.00E-02  3.00E-02  2.57E+03 -1.86E+04
                                                    0.069  1.40E+01                      6.31E+03  3.35E+05
  

 DATE: 23-SEP-2020 TIME: 11:36:44   PROGRAM: SESAM    FRAMEWORK 4.2-00  14-NOV-2019                                     PAGE:    12
  
  
                                    CONE Check Results, API-LRFD, 1993
                                    Run:      Superelement:     Loadset:
                                    APIAA     JACKET            LOADS
                                    Priority....: Member and Worst Loadcase
                                    Usage factor: Above   0.00                                                      SUB PAGE:    12
  
 Member   LoadCase CND Type     Joint/Po Outcome  Usfact    Yield    Tensile    Dummy      fc        fbm
           Phase       SctNam                     Usfcon     Dia        t        tc        fb        fhm
                                                  Usfcyl    alpha                         ftot       Fhc
 ------------------------------------------------------------------------------------------------------------------------------
 BM4010   AA           PIPE     0.10                0.075  3.45E+05  4.90E+05  0.00E+00 -4.17E+03 -2.82E+04
               0       C1_9314                      0.075  1.70E+00  8.00E-02  4.00E-02 -4.21E+03 -6.28E+03
                                                    0.041  1.39E+01                     -3.65E+04  3.45E+05
  
 BM4010   AA           PIPE     0.14                0.116  3.45E+05  4.90E+05  0.00E+00 -1.16E+04 -3.05E+04
               0       C2_9314                      0.116  1.20E+00  4.00E-02  4.00E-02 -1.48E+04 -3.11E+04
                                                    0.116  1.39E+01                     -5.70E+04  3.45E+05
  
 BM4012   AA           PIPE     0.11                0.059  3.45E+05  4.90E+05  0.00E+00 -2.96E+03 -2.24E+04
               0       C1_9320                      0.059  1.90E+00  8.00E-02  4.00E-02 -3.32E+03 -8.41E+03
                                                    0.045  1.40E+01                     -2.87E+04  3.45E+05
  
 BM4012   AA           PIPE     0.17                0.107  3.45E+05  4.90E+05  0.00E+00 -9.29E+03 -2.73E+04
               0       C2_9320                      0.107  1.20E+00  4.00E-02  4.00E-02 -1.43E+04 -2.94E+04
                                                    0.107  1.40E+01                     -5.08E+04  3.45E+05
  
 BM4014   AA           PIPE     0.81                0.129  3.45E+05  4.90E+05  0.00E+00  2.56E+03  3.78E+04
               0       76                           0.106  1.10E+00  2.50E-02  3.00E-02  2.31E+04 -2.82E+03
                                                    0.129  1.40E+01                      6.34E+04  3.45E+05
  
 BM4014   AA           PIPE     0.88                0.072  3.35E+05  4.90E+05  0.00E+00  5.91E+02  4.39E+03
               0       147                          0.070  2.00E+00  6.00E-02  3.00E-02  3.55E+03 -1.93E+04
                                                    0.072  1.40E+01                      8.53E+03  3.35E+05
  
 BM4015   AA           PIPE     0.86                0.149  3.35E+05  4.90E+05  0.00E+00  3.62E+04  2.77E+04
               0       274                          0.149  1.40E+00  6.00E-02  6.00E-02  8.90E+03  3.29E+03
                                                    0.149  8.53E+00                      7.29E+04  3.35E+05
  
 BM4015   AA           PIPE     0.90                0.109  3.35E+05  4.90E+05  0.00E+00  2.25E+04  2.64E+04
               0       C2_9332                      0.109  1.70E+00  8.00E-02  6.00E-02  4.61E+03 -1.88E+04
                                                    0.086  8.53E+00                      5.35E+04  3.35E+05
  
 BM4016   AA           PIPE     0.85                0.140  3.35E+05  4.90E+05  0.00E+00  2.59E+04  3.47E+04
               0       274                          0.140  1.40E+00  6.00E-02  6.00E-02  8.01E+03  6.78E+03
                                                    0.140  1.40E+01                      6.87E+04  3.35E+05
  
 BM4016   AA           PIPE     0.89                0.098  3.35E+05  4.90E+05  0.00E+00  1.43E+04  3.03E+04
               0       C2_9336                      0.098  1.90E+00  8.00E-02  6.00E-02  3.32E+03 -2.15E+04
                                                    0.083  1.40E+01                      4.79E+04  3.35E+05
  
 BM4038   AA           PIPE     0.44                0.077  3.35E+05  4.90E+05  0.00E+00  1.18E+03  6.34E+03
               0       147                          0.074  2.00E+00  6.00E-02  3.00E-02  4.79E+03 -2.05E+04
                                                    0.077  1.40E+01                      1.23E+04  3.35E+05
  

 DATE: 23-SEP-2020 TIME: 11:36:44   PROGRAM: SESAM    FRAMEWORK 4.2-00  14-NOV-2019                                     PAGE:    13
  
  
                                    CONE Check Results, API-LRFD, 1993
                                    Run:      Superelement:     Loadset:
                                    APIAA     JACKET            LOADS
                                    Priority....: Member and Worst Loadcase
                                    Usage factor: Above   0.00                                                      SUB PAGE:    13
  
 Member   LoadCase CND Type     Joint/Po Outcome  Usfact    Yield    Tensile    Dummy      fc        fbm
           Phase       SctNam                     Usfcon     Dia        t        tc        fb        fhm
                                                  Usfcyl    alpha                         ftot       Fhc
 ------------------------------------------------------------------------------------------------------------------------------
 BM4038   AA           PIPE     0.72                0.185  3.45E+05  4.90E+05  0.00E+00  5.13E+03  5.40E+04
               0       76                           0.151  1.10E+00  2.50E-02  3.00E-02  3.14E+04  5.35E+03
                                                    0.185  1.40E+01                      9.06E+04  3.45E+05
  
 BM5002   AA           PIPE     0.81                0.309  3.45E+05  4.90E+05  0.00E+00  5.58E+04  7.80E+04
               0       132                          0.252  1.00E+00  2.00E-02  2.50E-02  1.77E+04  2.20E+04
                                                    0.309  9.46E+00                      1.52E+05  3.45E+05
  
 BM5002   AA           PIPE     0.90                0.133  3.45E+05  4.90E+05  0.00E+00  1.41E+04  4.80E+04
               0       C2_9570                      0.133  1.60E+00  5.00E-02  2.50E-02  3.21E+03 -1.82E+04
                                                    0.068  9.46E+00                      6.53E+04  3.45E+05
  
 BM5010   AA           PIPE     0.10                0.071  3.45E+05  4.90E+05  0.00E+00 -4.66E+03 -2.47E+04
               0       C1_9602                      0.071  1.70E+00  7.00E-02  3.50E-02 -5.58E+03 -4.45E+03
                                                    0.034  9.46E+00                     -3.50E+04  3.45E+05
  
 BM5010   AA           PIPE     0.18                0.140  3.45E+05  4.90E+05  0.00E+00 -1.51E+04 -3.31E+04
               0       89                           0.122  1.20E+00  3.00E-02  3.50E-02 -2.04E+04 -3.04E+04
                                                    0.140  9.46E+00                     -6.87E+04  3.45E+05
  
 BM5012   AA           PIPE     0.11                0.084  3.45E+05  4.90E+05  0.00E+00 -3.13E+03 -2.94E+04
               0       C1_9610                      0.084  1.80E+00  7.00E-02  3.50E-02 -8.72E+03 -4.22E+03
                                                    0.039  9.46E+00                     -4.13E+04  3.45E+05
  
 BM5012   AA           PIPE     0.20                0.184  3.45E+05  4.90E+05  0.00E+00 -1.08E+04 -4.36E+04
               0       89                           0.161  1.20E+00  3.00E-02  3.50E-02 -3.60E+04 -3.58E+04
                                                    0.184  9.46E+00                     -9.04E+04  3.45E+05
  
 BM5014   AA           PIPE     0.81                0.352  3.45E+05  4.90E+05  0.00E+00  6.81E+04  8.88E+04
               0       132                          0.287  1.00E+00  2.00E-02  2.50E-02  1.57E+04  2.75E+04
                                                    0.352  9.46E+00                      1.73E+05  3.45E+05
  
 BM5014   AA           PIPE     0.89                0.155  3.45E+05  4.90E+05  0.00E+00  1.72E+04  5.59E+04
               0       C2_9621                      0.155  1.60E+00  5.00E-02  2.50E-02  2.94E+03 -1.94E+04
                                                    0.072  9.46E+00                      7.60E+04  3.45E+05
  
 BM5016   AA           PIPE     0.82                0.159  3.45E+05  4.90E+05  0.00E+00  3.66E+04  3.40E+04
               0       88                           0.159  1.20E+00  4.00E-02  4.00E-02  7.31E+03  7.87E+03
                                                    0.159  9.46E+00                      7.80E+04  3.45E+05
  
 BM5016   AA           PIPE     0.89                0.103  3.45E+05  4.90E+05  0.00E+00  1.49E+04  3.30E+04
               0       C2_9629                      0.103  1.70E+00  7.00E-02  4.00E-02  2.55E+03 -1.47E+04
                                                    0.058  9.46E+00                      5.05E+04  3.45E+05
  

 DATE: 23-SEP-2020 TIME: 11:36:44   PROGRAM: SESAM    FRAMEWORK 4.2-00  14-NOV-2019                                     PAGE:    14
  
  
                                    CONE Check Results, API-LRFD, 1993
                                    Run:      Superelement:     Loadset:
                                    APIAA     JACKET            LOADS
                                    Priority....: Member and Worst Loadcase
                                    Usage factor: Above   0.00                                                      SUB PAGE:    14
  
 Member   LoadCase CND Type     Joint/Po Outcome  Usfact    Yield    Tensile    Dummy      fc        fbm
           Phase       SctNam                     Usfcon     Dia        t        tc        fb        fhm
                                                  Usfcyl    alpha                         ftot       Fhc
 ------------------------------------------------------------------------------------------------------------------------------
 BM5017   AA           PIPE     0.80                0.173  3.45E+05  4.90E+05  0.00E+00  2.63E+04  3.71E+04
               0       88                           0.173  1.20E+00  4.00E-02  4.00E-02  2.15E+04  9.49E+03
                                                    0.173  9.46E+00                      8.49E+04  3.45E+05
  
 BM5017   AA           PIPE     0.89                0.100  3.45E+05  4.90E+05  0.00E+00  1.01E+04  3.25E+04
               0       C2_9634                      0.100  1.80E+00  7.00E-02  4.00E-02  6.60E+03 -1.51E+04
                                                    0.058  9.46E+00                      4.92E+04  3.45E+05
  
 BM5049   AA           PIPE     0.36                0.238  3.45E+05  4.90E+05  0.00E+00  3.17E+04  7.74E+04
               0       C1_9749                      0.238  1.60E+00  5.00E-02  3.00E-02  7.27E+03 -2.74E+04
                                                    0.136  9.46E+00                      1.16E+05  3.45E+05
  
 BM5049   AA           PIPE     0.65                0.409  3.45E+05  4.90E+05  0.00E+00  8.44E+04  9.02E+04
               0       C2_9749                      0.409  1.00E+00  3.00E-02  3.00E-02  2.60E+04  3.65E+04
                                                    0.409  9.46E+00                      2.01E+05  3.45E+05
  
 BM5085   AA           PIPE     0.85                0.295  3.45E+05  4.90E+05  0.00E+00 -5.70E+04 -6.55E+04
               0       154                          0.295  1.20E+00  3.50E-02  3.50E-02 -2.21E+04 -4.64E+04
                                                    0.295  9.46E+00                     -1.45E+05  3.45E+05
  
 BM5085   AA           PIPE     0.86                0.239  3.45E+05  4.90E+05  0.00E+00 -3.12E+04 -7.41E+04
               0       C2_9870                      0.239  1.30E+00  6.00E-02  3.50E-02 -1.19E+04  7.69E+03
                                                    0.139  9.46E+00                     -1.17E+05  3.45E+05
  
 BM5090   AA           PIPE     0.84                0.237  3.45E+05  4.90E+05  0.00E+00 -7.34E+04 -2.31E+04
               0       154                          0.237  1.20E+00  3.50E-02  3.50E-02 -1.95E+04 -2.37E+04
                                                    0.237  2.86E+00                     -1.16E+05  3.45E+05
  
 BM5090   AA           PIPE     0.87                0.159  3.45E+05  4.90E+05  0.00E+00 -4.02E+04 -2.65E+04
               0       C2_9891                      0.159  1.30E+00  6.00E-02  3.50E-02 -1.10E+04 -1.89E+03
                                                    0.123  2.86E+00                     -7.77E+04  3.45E+05
  
 BM6002   AA           PIPE     0.79                0.075  3.45E+05  4.90E+05  0.00E+00  4.75E+03  2.38E+04
               0       132                          0.039  1.00E+00  2.00E-02  4.00E-02  8.20E+03  1.84E+02
                                                    0.075  1.40E+01                      3.67E+04  3.45E+05
  
 BM6002   AA           PIPE     0.87                0.021  3.25E+05  4.90E+05  0.00E+00  6.77E+02  1.37E+03
               0       162                          0.020  1.80E+00  8.00E-02  4.00E-02  9.01E+02 -5.40E+03
                                                    0.021  1.40E+01                      2.95E+03  3.25E+05
  
 BM6010   AA           PIPE     0.05                0.088  3.45E+05  4.90E+05  0.00E+00  1.06E+04  1.80E+04
               0       C1_10168                     0.088  1.60E+00  5.00E-02  4.00E-02  1.46E+04 -1.28E+04
                                                    0.075  5.73E+00                      4.32E+04  3.45E+05
  

 DATE: 23-SEP-2020 TIME: 11:36:44   PROGRAM: SESAM    FRAMEWORK 4.2-00  14-NOV-2019                                     PAGE:    15
  
  
                                    CONE Check Results, API-LRFD, 1993
                                    Run:      Superelement:     Loadset:
                                    APIAA     JACKET            LOADS
                                    Priority....: Member and Worst Loadcase
                                    Usage factor: Above   0.00                                                      SUB PAGE:    15
  
 Member   LoadCase CND Type     Joint/Po Outcome  Usfact    Yield    Tensile    Dummy      fc        fbm
           Phase       SctNam                     Usfcon     Dia        t        tc        fb        fhm
                                                  Usfcyl    alpha                         ftot       Fhc
 ------------------------------------------------------------------------------------------------------------------------------
 BM6010   AA           PIPE     0.16                0.150  3.45E+05  4.90E+05  0.00E+00  2.02E+04  2.50E+04
               0       154                          0.138  1.20E+00  3.50E-02  4.00E-02  2.83E+04  6.05E+03
                                                    0.150  5.73E+00                      7.35E+04  3.45E+05
  
 BM6012   AA           PIPE     0.13                0.120  3.45E+05  4.90E+05  0.00E+00  5.49E+03  4.29E+04
               0       C1_10174                     0.120  1.80E+00  6.00E-02  3.00E-02  1.05E+04 -1.25E+04
                                                    0.055  9.46E+00                      5.89E+04  3.45E+05
  
 BM6012   AA           PIPE     0.24                0.205  3.45E+05  4.90E+05  0.00E+00  1.63E+04  4.75E+04
               0       C2_10174                     0.205  1.20E+00  3.00E-02  3.00E-02  3.68E+04  1.72E+04
                                                    0.205  9.46E+00                      1.01E+05  3.45E+05
  
 BM6014   AA           PIPE     0.79                0.094  3.45E+05  4.90E+05  0.00E+00  4.71E+03  2.96E+04
               0       132                          0.048  1.00E+00  2.00E-02  4.00E-02  1.15E+04  2.70E+03
                                                    0.094  1.39E+01                      4.58E+04  3.45E+05
  
 BM6014   AA           PIPE     0.87                0.021  3.25E+05  4.90E+05  0.00E+00  6.71E+02  1.64E+03
               0       162                          0.020  1.80E+00  8.00E-02  4.00E-02  1.23E+03 -5.56E+03
                                                    0.021  1.39E+01                      3.54E+03  3.25E+05
  
 BM6015   AA           PIPE     0.82                0.136  3.45E+05  4.90E+05  0.00E+00  2.05E+04  2.91E+04
               0       88                           0.136  1.20E+00  4.00E-02  4.00E-02  1.70E+04  9.46E+03
                                                    0.136  9.46E+00                      6.66E+04  3.45E+05
  
 BM6015   AA           PIPE     0.89                0.095  3.45E+05  4.90E+05  0.00E+00  1.23E+04  2.53E+04
               0       C2_10186                     0.095  1.60E+00  5.00E-02  4.00E-02  9.07E+03 -1.54E+04
                                                    0.077  9.46E+00                      4.67E+04  3.45E+05
  
 BM6017   AA           PIPE     0.76                0.156  3.45E+05  4.90E+05  0.00E+00  1.65E+04  3.34E+04
               0       88                           0.156  1.20E+00  4.00E-02  4.00E-02  2.66E+04  1.17E+04
                                                    0.156  9.46E+00                      7.65E+04  3.45E+05
  
 BM6017   AA           PIPE     0.87                0.091  3.45E+05  4.90E+05  0.00E+00  7.33E+03  2.74E+04
               0       C2_10192                     0.091  1.80E+00  6.00E-02  4.00E-02  9.90E+03 -1.31E+04
                                                    0.060  9.46E+00                      4.47E+04  3.45E+05
  
 BM6047   AA           PIPE     0.58                0.023  3.25E+05  4.90E+05  0.00E+00  1.31E+03  2.55E+03
               0       162                          0.023  1.80E+00  8.00E-02  5.00E-02  1.50E+03 -6.05E+03
                                                    0.023  1.40E+01                      5.35E+03  3.25E+05
  
 BM6047   AA           PIPE     0.94                0.090  3.45E+05  4.90E+05  0.00E+00  6.18E+03  2.57E+04
               0       86                           0.056  1.00E+00  3.00E-02  5.00E-02  1.20E+04  5.08E+03
                                                    0.090  1.40E+01                      4.39E+04  3.45E+05
  

 DATE: 23-SEP-2020 TIME: 11:36:44   PROGRAM: SESAM    FRAMEWORK 4.2-00  14-NOV-2019                                     PAGE:    16
  
  
                                    CONE Check Results, API-LRFD, 1993
                                    Run:      Superelement:     Loadset:
                                    APIAA     JACKET            LOADS
                                    Priority....: Member and Worst Loadcase
                                    Usage factor: Above   0.00                                                      SUB PAGE:    16
  
 Member   LoadCase CND Type     Joint/Po Outcome  Usfact    Yield    Tensile    Dummy      fc        fbm
           Phase       SctNam                     Usfcon     Dia        t        tc        fb        fhm
                                                  Usfcyl    alpha                         ftot       Fhc
 ------------------------------------------------------------------------------------------------------------------------------
 BM7024   AA           PIPE     0.11                0.124  3.45E+05  4.90E+05  0.00E+00  2.23E+04  3.08E+04
               0       C1_10484                     0.124  1.20E+00  5.00E-02  4.00E-02  7.70E+03 -1.27E+04
                                                    0.101  9.46E+00                      6.08E+04  3.45E+05
  
 BM7024   AA           PIPE     0.17                0.282  3.45E+05  4.90E+05  0.00E+00  5.55E+04  6.09E+04
               0       SCT80030                     0.228  8.00E-01  3.00E-02  4.00E-02  2.17E+04  2.80E+04
                                                    0.282  9.46E+00                      1.38E+05  3.45E+05
  
 BM7037   AA           PIPE     0.53                0.208  3.45E+05  4.90E+05  0.00E+00  4.12E+04  5.76E+04
               0       C1_10518                     0.208  1.20E+00  6.00E-02  4.00E-02  3.16E+03 -1.63E+04
                                                    0.143  9.46E+00                      1.02E+05  3.45E+05
  
 BM7037   AA           PIPE     0.77                0.494  3.45E+05  4.90E+05  0.00E+00  1.22E+05  1.07E+05
               0       SCT80030                     0.399  8.00E-01  3.00E-02  4.00E-02  1.33E+04  5.05E+04
                                                    0.494  9.46E+00                      2.42E+05  3.45E+05
  
 BM7057   AA           PIPE     0.25                0.172  3.45E+05  4.90E+05  0.00E+00  3.24E+04  4.75E+04
               0       C1_10565                     0.172  1.20E+00  6.00E-02  4.00E-02  4.15E+03 -1.37E+04
                                                    0.118  9.46E+00                      8.40E+04  3.45E+05
  
 BM7057   AA           PIPE     0.37                0.410  3.45E+05  4.90E+05  0.00E+00  9.59E+04  8.85E+04
               0       SCT80030                     0.331  8.00E-01  3.00E-02  4.00E-02  1.63E+04  4.16E+04
                                                    0.410  9.46E+00                      2.01E+05  3.45E+05
  
 BM7081   AA           PIPE     0.83                0.151  3.45E+05  4.90E+05  0.00E+00 -1.32E+04 -2.82E+04
               0       SC1                          0.123  1.10E+00  2.50E-02  3.50E-02 -3.25E+04 -1.67E+04
                                                    0.151  5.71E+00                     -7.39E+04  3.45E+05
  
 BM7081   AA           PIPE     0.89                0.079  3.45E+05  4.90E+05  0.00E+00 -7.05E+03 -1.47E+04
               0       C2_10627                     0.079  1.30E+00  4.00E-02  3.50E-02 -1.69E+04  3.89E+03
                                                    0.072  5.71E+00                     -3.86E+04  3.45E+05
  
 BM7082   AA           PIPE     0.82                0.124  3.45E+05  4.90E+05  0.00E+00  2.95E+04  2.11E+04
               0       SC2                          0.112  1.10E+00  3.00E-02  3.50E-02  9.96E+03  1.08E+04
                                                    0.124  5.71E+00                      6.06E+04  3.45E+05
  
 BM7082   AA           PIPE     0.88                0.084  3.45E+05  4.90E+05  0.00E+00  1.88E+04  1.55E+04
               0       C2_10633                     0.084  1.30E+00  4.00E-02  3.50E-02  6.62E+03 -6.52E+03
                                                    0.076  5.71E+00                      4.09E+04  3.45E+05
  
 BM7083   AA           PIPE     0.84                0.163  3.45E+05  4.90E+05  0.00E+00 -4.82E+04 -2.73E+04
               0       C1_10637                     0.163  1.10E+00  3.50E-02  3.00E-02 -4.40E+03 -1.32E+04
                                                    0.148  4.76E+00                     -7.99E+04  3.45E+05
  

 DATE: 23-SEP-2020 TIME: 11:36:44   PROGRAM: SESAM    FRAMEWORK 4.2-00  14-NOV-2019                                     PAGE:    17
  
  
                                    CONE Check Results, API-LRFD, 1993
                                    Run:      Superelement:     Loadset:
                                    APIAA     JACKET            LOADS
                                    Priority....: Member and Worst Loadcase
                                    Usage factor: Above   0.00                                                      SUB PAGE:    17
  
 Member   LoadCase CND Type     Joint/Po Outcome  Usfact    Yield    Tensile    Dummy      fc        fbm
           Phase       SctNam                     Usfcon     Dia        t        tc        fb        fhm
                                                  Usfcyl    alpha                         ftot       Fhc
 ------------------------------------------------------------------------------------------------------------------------------
 BM7083   AA           PIPE     0.93                0.134  3.45E+05  4.90E+05  0.00E+00 -3.56E+04 -2.63E+04
               0       C2_10637                     0.134  1.30E+00  4.00E-02  3.00E-02 -3.58E+03  6.13E+03
                                                    0.110  4.76E+00                     -6.55E+04  3.45E+05
  
 BM7085   AA           PIPE     0.84                0.128  3.45E+05  4.90E+05  0.00E+00 -3.40E+04 -1.78E+04
               0       174                          0.128  1.10E+00  3.50E-02  3.50E-02 -1.07E+04 -1.16E+04
                                                    0.128  4.76E+00                     -6.25E+04  3.45E+05
  
 BM7085   AA           PIPE     0.93                0.103  3.45E+05  4.90E+05  0.00E+00 -2.52E+04 -1.71E+04
               0       C2_10649                     0.103  1.30E+00  4.00E-02  3.50E-02 -8.31E+03  4.90E+03
                                                    0.095  4.76E+00                     -5.05E+04  3.45E+05
  
 BM7087   AA           PIPE     0.82                0.113  3.45E+05  4.90E+05  0.00E+00 -1.81E+04 -1.83E+04
               0       SC1                          0.102  1.10E+00  2.50E-02  3.00E-02 -1.90E+04 -1.23E+04
                                                    0.113  4.76E+00                     -5.54E+04  3.45E+05
  
 BM7087   AA           PIPE     0.89                0.079  3.45E+05  4.90E+05  0.00E+00 -1.28E+04 -1.22E+04
               0       C2_10663                     0.079  1.30E+00  3.00E-02  3.00E-02 -1.35E+04  3.49E+03
                                                    0.079  4.76E+00                     -3.85E+04  3.45E+05
  
 BM7088   AA           PIPE     0.81                0.094  3.45E+05  4.90E+05  0.00E+00  1.94E+04  1.37E+04
               0       SC2                          0.094  1.10E+00  3.00E-02  3.00E-02  1.27E+04  7.29E+03
                                                    0.094  4.76E+00                      4.58E+04  3.45E+05
  
 BM7088   AA           PIPE     0.88                0.086  3.45E+05  4.90E+05  0.00E+00  1.63E+04  1.35E+04
               0       C2_10670                     0.086  1.30E+00  3.00E-02  3.00E-02  1.26E+04 -7.14E+03
                                                    0.086  4.76E+00                      4.24E+04  3.45E+05
  
 BM7090   AA           PIPE     0.82                0.180  3.45E+05  4.90E+05  0.00E+00 -1.94E+04 -2.91E+04
               0       76                           0.162  1.10E+00  2.50E-02  3.00E-02 -3.98E+04 -1.78E+04
                                                    0.180  4.76E+00                     -8.83E+04  3.45E+05
  
 BM7090   AA           PIPE     0.89                0.124  3.45E+05  4.90E+05  0.00E+00 -1.37E+04 -1.93E+04
               0       C2_10679                     0.124  1.30E+00  3.00E-02  3.00E-02 -2.77E+04  7.21E+03
                                                    0.124  4.76E+00                     -6.07E+04  3.45E+05
  
 BM7091   AA           PIPE     0.80                0.146  3.45E+05  4.90E+05  0.00E+00  3.48E+04  2.14E+04
               0       SC2                          0.146  1.10E+00  3.00E-02  3.00E-02  1.52E+04  1.13E+04
                                                    0.146  4.76E+00                      7.14E+04  3.45E+05
  
 BM7091   AA           PIPE     0.88                0.127  3.45E+05  4.90E+05  0.00E+00  2.93E+04  1.98E+04
               0       C2_10685                     0.127  1.30E+00  3.00E-02  3.00E-02  1.33E+04 -1.05E+04
                                                    0.127  4.76E+00                      6.23E+04  3.45E+05
  

 DATE: 23-SEP-2020 TIME: 11:36:44   PROGRAM: SESAM    FRAMEWORK 4.2-00  14-NOV-2019                                     PAGE:    18
  
  
                                    CONE Check Results, API-LRFD, 1993
                                    Run:      Superelement:     Loadset:
                                    APIAA     JACKET            LOADS
                                    Priority....: Member and Worst Loadcase
                                    Usage factor: Above   0.00                                                      SUB PAGE:    18
  
 Member   LoadCase CND Type     Joint/Po Outcome  Usfact    Yield    Tensile    Dummy      fc        fbm
           Phase       SctNam                     Usfcon     Dia        t        tc        fb        fhm
                                                  Usfcyl    alpha                         ftot       Fhc
 ------------------------------------------------------------------------------------------------------------------------------
 BM7092   AA           PIPE     0.88                0.176  3.45E+05  4.90E+05  0.00E+00 -5.64E+04 -2.44E+04
               0       174                          0.176  1.10E+00  3.50E-02  3.50E-02 -5.22E+03 -1.51E+04
                                                    0.176  4.77E+00                     -8.60E+04  3.45E+05
  
 BM7092   AA           PIPE     0.97                0.140  3.45E+05  4.90E+05  0.00E+00 -4.17E+04 -2.31E+04
               0       C2_10689                     0.140  1.30E+00  4.00E-02  3.50E-02 -3.63E+03  7.44E+03
                                                    0.129  4.77E+00                     -6.84E+04  3.45E+05
  
 BM7094   AA           PIPE     0.88                0.101  3.45E+05  4.90E+05  0.00E+00 -2.22E+04 -1.40E+04
               0       174                          0.101  1.10E+00  3.50E-02  3.50E-02 -1.32E+04 -9.62E+03
                                                    0.101  4.76E+00                     -4.94E+04  3.45E+05
  
 BM7094   AA           PIPE     0.97                0.081  3.45E+05  4.90E+05  0.00E+00 -1.65E+04 -1.34E+04
               0       C2_10698                     0.081  1.30E+00  4.00E-02  3.50E-02 -9.89E+03  3.38E+03
                                                    0.075  4.76E+00                     -3.98E+04  3.45E+05
  
 BM7096   AA           PIPE     0.82                0.158  3.45E+05  4.90E+05  0.00E+00 -3.46E+04 -2.55E+04
               0       76                           0.142  1.10E+00  2.50E-02  3.00E-02 -1.72E+04 -1.59E+04
                                                    0.158  4.76E+00                     -7.72E+04  3.45E+05
  
 BM7096   AA           PIPE     0.89                0.110  3.45E+05  4.90E+05  0.00E+00 -2.44E+04 -1.71E+04
               0       C2_10709                     0.110  1.30E+00  3.00E-02  3.00E-02 -1.23E+04  6.06E+03
                                                    0.110  4.76E+00                     -5.38E+04  3.45E+05
  
 BM7097   AA           PIPE     0.80                0.097  3.45E+05  4.90E+05  0.00E+00 -2.66E+04 -1.42E+04
               0       SC2                          0.097  1.10E+00  3.00E-02  3.00E-02 -6.61E+03 -7.53E+03
                                                    0.097  4.76E+00                     -4.74E+04  3.45E+05
  
 BM7097   AA           PIPE     0.88                0.086  3.45E+05  4.90E+05  0.00E+00 -2.24E+04 -1.34E+04
               0       C2_10715                     0.086  1.30E+00  3.00E-02  3.00E-02 -6.39E+03  7.11E+03
                                                    0.086  4.76E+00                     -4.22E+04  3.45E+05
  
